0 info it worked if it ends with ok
1 verbose cli [ 'C:\\Program Files\\nodejs\\node.exe',
1 verbose cli   'C:\\Program Files\\nodejs\\node_modules\\npm\\bin\\npm-cli.js',
1 verbose cli   'start' ]
2 info using npm@3.10.10
3 info using node@v6.10.0
4 verbose run-script [ 'prestart', 'start', 'poststart' ]
5 info lifecycle movie-app@0.0.0~prestart: movie-app@0.0.0
6 verbose lifecycle movie-app@0.0.0~prestart: unsafe-perm in lifecycle true
7 verbose lifecycle movie-app@0.0.0~prestart: PATH: C:\Program Files\nodejs\node_modules\npm\bin\node-gyp-bin;C:\Users\Petra\Documents\GitHub\movieAppTest\node_modules\.bin;C:\Users\Petra\AppData\Local\GitHub\PortableGit_f02737a78695063deace08e96d5042710d3e32db\cmd;C:\Users\Petra\AppData\Local\GitHub\PortableGit_f02737a78695063deace08e96d5042710d3e32db\usr\bin;C:\Users\Petra\AppData\Local\GitHub\PortableGit_f02737a78695063deace08e96d5042710d3e32db\usr\share\git-tfs;C:\Users\Petra\AppData\Local\Apps\2.0\HYD5LRN9.PO2\G5YVK5DM.HDH\gith..tion_317444273a93ac29_0003.0003_5794af8169eeff14;C:\Users\Petra\AppData\Local\GitHub\lfs-amd64_1.5.5;C:\Program Files\Broadcom\Broadcom 802.11 Network Adapter;;C:\Program Files (x86)\Intel\TXE Components\TCS\;C:\Program Files\Intel\TXE Components\TCS\;C:\WINDOWS\system32;C:\WINDOWS;C:\WINDOWS\System32\Wbem;C:\WINDOWS\System32\WindowsPowerShell\v1.0\;C:\Program Files\Intel\TXE Components\DAL\;C:\Program Files (x86)\Intel\TXE Components\DAL\;C:\Program Files\Intel\TXE Components\IPT\;C:\Program Files (x86)\Intel\TXE Components\IPT\;C:\Program Files\nodejs\;C:\Users\Petra\AppData\Local\Programs\Python\Python36-32\Scripts\;C:\Users\Petra\AppData\Local\Programs\Python\Python36-32\;C:\Users\Petra\AppData\Local\Microsoft\WindowsApps;C:\Users\Petra\AppData\Roaming\npm;C:\Windows\Microsoft.NET\Framework\v4.0.30319\
8 verbose lifecycle movie-app@0.0.0~prestart: CWD: C:\Users\Petra\Documents\GitHub\movieAppTest
9 silly lifecycle movie-app@0.0.0~prestart: Args: [ '/d /s /c', 'npm install' ]
10 silly lifecycle movie-app@0.0.0~prestart: Returned: code: 0  signal: null
11 info lifecycle movie-app@0.0.0~start: movie-app@0.0.0
12 verbose lifecycle movie-app@0.0.0~start: unsafe-perm in lifecycle true
13 verbose lifecycle movie-app@0.0.0~start: PATH: C:\Program Files\nodejs\node_modules\npm\bin\node-gyp-bin;C:\Users\Petra\Documents\GitHub\movieAppTest\node_modules\.bin;C:\Users\Petra\AppData\Local\GitHub\PortableGit_f02737a78695063deace08e96d5042710d3e32db\cmd;C:\Users\Petra\AppData\Local\GitHub\PortableGit_f02737a78695063deace08e96d5042710d3e32db\usr\bin;C:\Users\Petra\AppData\Local\GitHub\PortableGit_f02737a78695063deace08e96d5042710d3e32db\usr\share\git-tfs;C:\Users\Petra\AppData\Local\Apps\2.0\HYD5LRN9.PO2\G5YVK5DM.HDH\gith..tion_317444273a93ac29_0003.0003_5794af8169eeff14;C:\Users\Petra\AppData\Local\GitHub\lfs-amd64_1.5.5;C:\Program Files\Broadcom\Broadcom 802.11 Network Adapter;;C:\Program Files (x86)\Intel\TXE Components\TCS\;C:\Program Files\Intel\TXE Components\TCS\;C:\WINDOWS\system32;C:\WINDOWS;C:\WINDOWS\System32\Wbem;C:\WINDOWS\System32\WindowsPowerShell\v1.0\;C:\Program Files\Intel\TXE Components\DAL\;C:\Program Files (x86)\Intel\TXE Components\DAL\;C:\Program Files\Intel\TXE Components\IPT\;C:\Program Files (x86)\Intel\TXE Components\IPT\;C:\Program Files\nodejs\;C:\Users\Petra\AppData\Local\Programs\Python\Python36-32\Scripts\;C:\Users\Petra\AppData\Local\Programs\Python\Python36-32\;C:\Users\Petra\AppData\Local\Microsoft\WindowsApps;C:\Users\Petra\AppData\Roaming\npm;C:\Windows\Microsoft.NET\Framework\v4.0.30319\
14 verbose lifecycle movie-app@0.0.0~start: CWD: C:\Users\Petra\Documents\GitHub\movieAppTest
15 silly lifecycle movie-app@0.0.0~start: Args: [ '/d /s /c', 'http-server ./ -a 0.0.0.0 -p 8000' ]
16 silly lifecycle movie-app@0.0.0~start: Returned: code: 3221225786  signal: null
17 info lifecycle movie-app@0.0.0~start: Failed to exec start script
18 verbose stack Error: movie-app@0.0.0 start: `http-server ./ -a 0.0.0.0 -p 8000`
18 verbose stack Exit status 3221225786
18 verbose stack     at EventEmitter.<anonymous> (C:\Program Files\nodejs\node_modules\npm\lib\utils\lifecycle.js:255:16)
18 verbose stack     at emitTwo (events.js:106:13)
18 verbose stack     at EventEmitter.emit (events.js:191:7)
18 verbose stack     at ChildProcess.<anonymous> (C:\Program Files\nodejs\node_modules\npm\lib\utils\spawn.js:40:14)
18 verbose stack     at emitTwo (events.js:106:13)
18 verbose stack     at ChildProcess.emit (events.js:191:7)
18 verbose stack     at maybeClose (internal/child_process.js:877:16)
18 verbose stack     at Process.ChildProcess._handle.onexit (internal/child_process.js:226:5)
19 verbose pkgid movie-app@0.0.0
20 verbose cwd C:\Users\Petra\Documents\GitHub\movieAppTest
21 error Windows_NT 10.0.14393
22 error argv "C:\\Program Files\\nodejs\\node.exe" "C:\\Program Files\\nodejs\\node_modules\\npm\\bin\\npm-cli.js" "start"
23 error node v6.10.0
24 error npm  v3.10.10
25 error code ELIFECYCLE
26 error movie-app@0.0.0 start: `http-server ./ -a 0.0.0.0 -p 8000`
26 error Exit status 3221225786
27 error Failed at the movie-app@0.0.0 start script 'http-server ./ -a 0.0.0.0 -p 8000'.
27 error Make sure you have the latest version of node.js and npm installed.
27 error If you do, this is most likely a problem with the movie-app package,
27 error not with npm itself.
27 error Tell the author that this fails on your system:
27 error     http-server ./ -a 0.0.0.0 -p 8000
27 error You can get information on how to open an issue for this project with:
27 error     npm bugs movie-app
27 error Or if that isn't available, you can get their info via:
27 error     npm owner ls movie-app
27 error There is likely additional logging output above.
28 verbose exit [ 1, true ]
